The target system is: Generic - 1 - arm
The host system is: Darwin - 20.5.0 - x86_64
Checking whether the ASM compiler is GNU using "--version" matched "(GNU assembler)|(GCC)|(Free Software Foundation)":
arm-none-eabi-gcc (GNU Arm Embedded Toolchain 9-2020-q2-update) 9.3.1 20200408 (release)
Copyright (C) 2019 Free Software Foundation, Inc.
This is free software; see the source for copying conditions.  There is NO
warranty; not even for MERCHANTABILITY or FITNESS FOR A PARTICULAR PURPOSE.

Compiling the C compiler identification source file "CMakeCCompilerId.c" succeeded.
Compiler: /usr/local/bin/arm-none-eabi-gcc 
Build flags: 
Id flags: -c 

The output was:
0


Compilation of the C compiler identification source "CMakeCCompilerId.c" produced "CMakeCCompilerId.o"

The C compiler identification is GNU, found in "/Users/kanya/Projects/Senior-Design/cmake-build-debug/CMakeFiles/3.19.2/CompilerIdC/CMakeCCompilerId.o"

Compiling the CXX compiler identification source file "CMakeCXXCompilerId.cpp" succeeded.
Compiler: /usr/local/bin/arm-none-eabi-g++ 
Build flags: 
Id flags: -c 

The output was:
0


Compilation of the CXX compiler identification source "CMakeCXXCompilerId.cpp" produced "CMakeCXXCompilerId.o"

The CXX compiler identification is GNU, found in "/Users/kanya/Projects/Senior-Design/cmake-build-debug/CMakeFiles/3.19.2/CompilerIdCXX/CMakeCXXCompilerId.o"

Detecting C compiler ABI info compiled with the following output:
Change Dir: /Users/kanya/Projects/Senior-Design/cmake-build-debug/CMakeFiles/CMakeTmp

Run Build Command(s):/usr/bin/make cmTC_b905d/fast && /Applications/Xcode-beta.app/Contents/Developer/usr/bin/make  -f CMakeFiles/cmTC_b905d.dir/build.make CMakeFiles/cmTC_b905d.dir/build
Building C object CMakeFiles/cmTC_b905d.dir/CMakeCCompilerABI.c.obj
/usr/local/bin/arm-none-eabi-gcc   -v -o CMakeFiles/cmTC_b905d.dir/CMakeCCompilerABI.c.obj -c /Applications/CLion.app/Contents/bin/cmake/mac/share/cmake-3.19/Modules/CMakeCCompilerABI.c
Using built-in specs.
COLLECT_GCC=/usr/local/bin/arm-none-eabi-gcc
Target: arm-none-eabi
Configured with: /tmp/jenkins-GCC-9-pipeline-200_20200521_1590053285/src/gcc/configure --target=arm-none-eabi --prefix=/tmp/jenkins-GCC-9-pipeline-200_20200521_1590053285/install-native --libexecdir=/tmp/jenkins-GCC-9-pipeline-200_20200521_1590053285/install-native/lib --infodir=/tmp/jenkins-GCC-9-pipeline-200_20200521_1590053285/install-native/share/doc/gcc-arm-none-eabi/info --mandir=/tmp/jenkins-GCC-9-pipeline-200_20200521_1590053285/install-native/share/doc/gcc-arm-none-eabi/man --htmldir=/tmp/jenkins-GCC-9-pipeline-200_20200521_1590053285/install-native/share/doc/gcc-arm-none-eabi/html --pdfdir=/tmp/jenkins-GCC-9-pipeline-200_20200521_1590053285/install-native/share/doc/gcc-arm-none-eabi/pdf --enable-languages=c,c++ --enable-plugins --disable-decimal-float --disable-libffi --disable-libgomp --disable-libmudflap --disable-libquadmath --disable-libssp --disable-libstdcxx-pch --disable-nls --disable-shared --disable-threads --disable-tls --with-gnu-as --with-gnu-ld --with-newlib --with-headers=yes --with-python-dir=share/gcc-arm-none-eabi --with-sysroot=/tmp/jenkins-GCC-9-pipeline-200_20200521_1590053285/install-native/arm-none-eabi --build=x86_64-apple-darwin10 --host=x86_64-apple-darwin10 --with-gmp=/tmp/jenkins-GCC-9-pipeline-200_20200521_1590053285/build-native/host-libs/usr --with-mpfr=/tmp/jenkins-GCC-9-pipeline-200_20200521_1590053285/build-native/host-libs/usr --with-mpc=/tmp/jenkins-GCC-9-pipeline-200_20200521_1590053285/build-native/host-libs/usr --with-isl=/tmp/jenkins-GCC-9-pipeline-200_20200521_1590053285/build-native/host-libs/usr --with-libelf=/tmp/jenkins-GCC-9-pipeline-200_20200521_1590053285/build-native/host-libs/usr --with-host-libstdcxx='-static-libgcc -Wl,-lstdc++ -lm' --with-pkgversion='GNU Arm Embedded Toolchain 9-2020-q2-update' --with-multilib-list=rmprofile,aprofile
Thread model: single
gcc version 9.3.1 20200408 (release) (GNU Arm Embedded Toolchain 9-2020-q2-update) 
COLLECT_GCC_OPTIONS='-v' '-o' 'CMakeFiles/cmTC_b905d.dir/CMakeCCompilerABI.c.obj' '-c' '-mcpu=arm7tdmi' '-mfloat-abi=soft' '-marm' '-march=armv4t'
 /usr/local/Cellar/gcc-arm-none-eabi/20200630/bin/../lib/gcc/arm-none-eabi/9.3.1/cc1 -quiet -v -iprefix /usr/local/Cellar/gcc-arm-none-eabi/20200630/bin/../lib/gcc/arm-none-eabi/9.3.1/ -isysroot /usr/local/Cellar/gcc-arm-none-eabi/20200630/bin/../arm-none-eabi -D__USES_INITFINI__ /Applications/CLion.app/Contents/bin/cmake/mac/share/cmake-3.19/Modules/CMakeCCompilerABI.c -quiet -dumpbase CMakeCCompilerABI.c -mcpu=arm7tdmi -mfloat-abi=soft -marm -march=armv4t -auxbase-strip CMakeFiles/cmTC_b905d.dir/CMakeCCompilerABI.c.obj -version -o /var/folders/28/d06b_qj145g47fkv98vkj82h0000gn/T//ccd7WUN9.s
GNU C17 (GNU Arm Embedded Toolchain 9-2020-q2-update) version 9.3.1 20200408 (release) (arm-none-eabi)
	compiled by GNU C version 4.2.1 Compatible Apple LLVM 11.0.0 (clang-1100.0.33.17), GMP version 6.1.0, MPFR version 3.1.4, MPC version 1.0.3, isl version isl-0.18-GMP

GGC heuristics: --param ggc-min-expand=100 --param ggc-min-heapsize=131072
ignoring duplicate directory "/usr/local/Cellar/gcc-arm-none-eabi/20200630/bin/../lib/gcc/../../lib/gcc/arm-none-eabi/9.3.1/include"
ignoring nonexistent directory "/usr/local/Cellar/gcc-arm-none-eabi/20200630/bin/../arm-none-eabi/usr/local/include"
ignoring duplicate directory "/usr/local/Cellar/gcc-arm-none-eabi/20200630/bin/../lib/gcc/../../lib/gcc/arm-none-eabi/9.3.1/include-fixed"
ignoring duplicate directory "/usr/local/Cellar/gcc-arm-none-eabi/20200630/bin/../lib/gcc/../../lib/gcc/arm-none-eabi/9.3.1/../../../../arm-none-eabi/include"
ignoring nonexistent directory "/usr/local/Cellar/gcc-arm-none-eabi/20200630/bin/../arm-none-eabi/usr/include"
#include "..." search starts here:
#include <...> search starts here:
 /usr/local/Cellar/gcc-arm-none-eabi/20200630/bin/../lib/gcc/arm-none-eabi/9.3.1/include
 /usr/local/Cellar/gcc-arm-none-eabi/20200630/bin/../lib/gcc/arm-none-eabi/9.3.1/include-fixed
 /usr/local/Cellar/gcc-arm-none-eabi/20200630/bin/../lib/gcc/arm-none-eabi/9.3.1/../../../../arm-none-eabi/include
End of search list.
GNU C17 (GNU Arm Embedded Toolchain 9-2020-q2-update) version 9.3.1 20200408 (release) (arm-none-eabi)
	compiled by GNU C version 4.2.1 Compatible Apple LLVM 11.0.0 (clang-1100.0.33.17), GMP version 6.1.0, MPFR version 3.1.4, MPC version 1.0.3, isl version isl-0.18-GMP

GGC heuristics: --param ggc-min-expand=100 --param ggc-min-heapsize=131072
Compiler executable checksum: c98fc9d12ad05b5a76e372c8d9e5deb7
COLLECT_GCC_OPTIONS='-v' '-o' 'CMakeFiles/cmTC_b905d.dir/CMakeCCompilerABI.c.obj' '-c' '-mcpu=arm7tdmi' '-mfloat-abi=soft' '-marm' '-march=armv4t'
 /usr/local/Cellar/gcc-arm-none-eabi/20200630/bin/../lib/gcc/arm-none-eabi/9.3.1/../../../../arm-none-eabi/bin/as -v -march=armv4t -mfloat-abi=soft -meabi=5 -o CMakeFiles/cmTC_b905d.dir/CMakeCCompilerABI.c.obj /var/folders/28/d06b_qj145g47fkv98vkj82h0000gn/T//ccd7WUN9.s
GNU assembler version 2.34.0 (arm-none-eabi) using BFD version (GNU Arm Embedded Toolchain 9-2020-q2-update) 2.34.0.20200428
COMPILER_PATH=/usr/local/Cellar/gcc-arm-none-eabi/20200630/bin/../lib/gcc/arm-none-eabi/9.3.1/:/usr/local/Cellar/gcc-arm-none-eabi/20200630/bin/../lib/gcc/:/usr/local/Cellar/gcc-arm-none-eabi/20200630/bin/../lib/gcc/arm-none-eabi/9.3.1/../../../../arm-none-eabi/bin/
LIBRARY_PATH=/usr/local/Cellar/gcc-arm-none-eabi/20200630/bin/../lib/gcc/arm-none-eabi/9.3.1/:/usr/local/Cellar/gcc-arm-none-eabi/20200630/bin/../lib/gcc/:/usr/local/Cellar/gcc-arm-none-eabi/20200630/bin/../lib/gcc/arm-none-eabi/9.3.1/../../../../arm-none-eabi/lib/:/usr/local/Cellar/gcc-arm-none-eabi/20200630/bin/../arm-none-eabi/lib/
COLLECT_GCC_OPTIONS='-v' '-o' 'CMakeFiles/cmTC_b905d.dir/CMakeCCompilerABI.c.obj' '-c' '-mcpu=arm7tdmi' '-mfloat-abi=soft' '-marm' '-march=armv4t'
Linking C executable cmTC_b905d
/Applications/CLion.app/Contents/bin/cmake/mac/bin/cmake -E cmake_link_script CMakeFiles/cmTC_b905d.dir/link.txt --verbose=1
/usr/local/bin/arm-none-eabi-gcc --specs=nosys.specs -v CMakeFiles/cmTC_b905d.dir/CMakeCCompilerABI.c.obj -o cmTC_b905d 
Using built-in specs.
Reading specs from /usr/local/Cellar/gcc-arm-none-eabi/20200630/bin/../lib/gcc/arm-none-eabi/9.3.1/../../../../arm-none-eabi/lib/nosys.specs
rename spec link_gcc_c_sequence to nosys_link_gcc_c_sequence
COLLECT_GCC=/usr/local/bin/arm-none-eabi-gcc
COLLECT_LTO_WRAPPER=/usr/local/Cellar/gcc-arm-none-eabi/20200630/bin/../lib/gcc/arm-none-eabi/9.3.1/lto-wrapper
Target: arm-none-eabi
Configured with: /tmp/jenkins-GCC-9-pipeline-200_20200521_1590053285/src/gcc/configure --target=arm-none-eabi --prefix=/tmp/jenkins-GCC-9-pipeline-200_20200521_1590053285/install-native --libexecdir=/tmp/jenkins-GCC-9-pipeline-200_20200521_1590053285/install-native/lib --infodir=/tmp/jenkins-GCC-9-pipeline-200_20200521_1590053285/install-native/share/doc/gcc-arm-none-eabi/info --mandir=/tmp/jenkins-GCC-9-pipeline-200_20200521_1590053285/install-native/share/doc/gcc-arm-none-eabi/man --htmldir=/tmp/jenkins-GCC-9-pipeline-200_20200521_1590053285/install-native/share/doc/gcc-arm-none-eabi/html --pdfdir=/tmp/jenkins-GCC-9-pipeline-200_20200521_1590053285/install-native/share/doc/gcc-arm-none-eabi/pdf --enable-languages=c,c++ --enable-plugins --disable-decimal-float --disable-libffi --disable-libgomp --disable-libmudflap --disable-libquadmath --disable-libssp --disable-libstdcxx-pch --disable-nls --disable-shared --disable-threads --disable-tls --with-gnu-as --with-gnu-ld --with-newlib --with-headers=yes --with-python-dir=share/gcc-arm-none-eabi --with-sysroot=/tmp/jenkins-GCC-9-pipeline-200_20200521_1590053285/install-native/arm-none-eabi --build=x86_64-apple-darwin10 --host=x86_64-apple-darwin10 --with-gmp=/tmp/jenkins-GCC-9-pipeline-200_20200521_1590053285/build-native/host-libs/usr --with-mpfr=/tmp/jenkins-GCC-9-pipeline-200_20200521_1590053285/build-native/host-libs/usr --with-mpc=/tmp/jenkins-GCC-9-pipeline-200_20200521_1590053285/build-native/host-libs/usr --with-isl=/tmp/jenkins-GCC-9-pipeline-200_20200521_1590053285/build-native/host-libs/usr --with-libelf=/tmp/jenkins-GCC-9-pipeline-200_20200521_1590053285/build-native/host-libs/usr --with-host-libstdcxx='-static-libgcc -Wl,-lstdc++ -lm' --with-pkgversion='GNU Arm Embedded Toolchain 9-2020-q2-update' --with-multilib-list=rmprofile,aprofile
Thread model: single
gcc version 9.3.1 20200408 (release) (GNU Arm Embedded Toolchain 9-2020-q2-update) 
COMPILER_PATH=/usr/local/Cellar/gcc-arm-none-eabi/20200630/bin/../lib/gcc/arm-none-eabi/9.3.1/:/usr/local/Cellar/gcc-arm-none-eabi/20200630/bin/../lib/gcc/:/usr/local/Cellar/gcc-arm-none-eabi/20200630/bin/../lib/gcc/arm-none-eabi/9.3.1/../../../../arm-none-eabi/bin/
LIBRARY_PATH=/usr/local/Cellar/gcc-arm-none-eabi/20200630/bin/../lib/gcc/arm-none-eabi/9.3.1/:/usr/local/Cellar/gcc-arm-none-eabi/20200630/bin/../lib/gcc/:/usr/local/Cellar/gcc-arm-none-eabi/20200630/bin/../lib/gcc/arm-none-eabi/9.3.1/../../../../arm-none-eabi/lib/:/usr/local/Cellar/gcc-arm-none-eabi/20200630/bin/../arm-none-eabi/lib/
COLLECT_GCC_OPTIONS='-specs=nosys.specs' '-v' '-o' 'cmTC_b905d' '-mcpu=arm7tdmi' '-mfloat-abi=soft' '-marm' '-march=armv4t'
 /usr/local/Cellar/gcc-arm-none-eabi/20200630/bin/../lib/gcc/arm-none-eabi/9.3.1/collect2 -plugin /usr/local/Cellar/gcc-arm-none-eabi/20200630/bin/../lib/gcc/arm-none-eabi/9.3.1/liblto_plugin.so -plugin-opt=/usr/local/Cellar/gcc-arm-none-eabi/20200630/bin/../lib/gcc/arm-none-eabi/9.3.1/lto-wrapper -plugin-opt=-fresolution=/var/folders/28/d06b_qj145g47fkv98vkj82h0000gn/T//ccIVosxg.res -plugin-opt=-pass-through=-lgcc -plugin-opt=-pass-through=-lc -plugin-opt=-pass-through=-lgcc -plugin-opt=-pass-through=-lc -plugin-opt=-pass-through=-lnosys --sysroot=/usr/local/Cellar/gcc-arm-none-eabi/20200630/bin/../arm-none-eabi -X -o cmTC_b905d /usr/local/Cellar/gcc-arm-none-eabi/20200630/bin/../lib/gcc/arm-none-eabi/9.3.1/crti.o /usr/local/Cellar/gcc-arm-none-eabi/20200630/bin/../lib/gcc/arm-none-eabi/9.3.1/crtbegin.o /usr/local/Cellar/gcc-arm-none-eabi/20200630/bin/../lib/gcc/arm-none-eabi/9.3.1/../../../../arm-none-eabi/lib/crt0.o -L/usr/local/Cellar/gcc-arm-none-eabi/20200630/bin/../lib/gcc/arm-none-eabi/9.3.1 -L/usr/local/Cellar/gcc-arm-none-eabi/20200630/bin/../lib/gcc -L/usr/local/Cellar/gcc-arm-none-eabi/20200630/bin/../lib/gcc/arm-none-eabi/9.3.1/../../../../arm-none-eabi/lib -L/usr/local/Cellar/gcc-arm-none-eabi/20200630/bin/../arm-none-eabi/lib CMakeFiles/cmTC_b905d.dir/CMakeCCompilerABI.c.obj --start-group -lgcc -lc --end-group --start-group -lgcc -lc -lnosys --end-group /usr/local/Cellar/gcc-arm-none-eabi/20200630/bin/../lib/gcc/arm-none-eabi/9.3.1/crtend.o /usr/local/Cellar/gcc-arm-none-eabi/20200630/bin/../lib/gcc/arm-none-eabi/9.3.1/crtn.o
COLLECT_GCC_OPTIONS='-specs=nosys.specs' '-v' '-o' 'cmTC_b905d' '-mcpu=arm7tdmi' '-mfloat-abi=soft' '-marm' '-march=armv4t'



Parsed C implicit include dir info from above output: rv=done
  found start of include info
  found start of implicit include info
    add: [/usr/local/Cellar/gcc-arm-none-eabi/20200630/bin/../lib/gcc/arm-none-eabi/9.3.1/include]
    add: [/usr/local/Cellar/gcc-arm-none-eabi/20200630/bin/../lib/gcc/arm-none-eabi/9.3.1/include-fixed]
    add: [/usr/local/Cellar/gcc-arm-none-eabi/20200630/bin/../lib/gcc/arm-none-eabi/9.3.1/../../../../arm-none-eabi/include]
  end of search list found
  collapse include dir [/usr/local/Cellar/gcc-arm-none-eabi/20200630/bin/../lib/gcc/arm-none-eabi/9.3.1/include] ==> [/usr/local/Cellar/gcc-arm-none-eabi/20200630/lib/gcc/arm-none-eabi/9.3.1/include]
  collapse include dir [/usr/local/Cellar/gcc-arm-none-eabi/20200630/bin/../lib/gcc/arm-none-eabi/9.3.1/include-fixed] ==> [/usr/local/Cellar/gcc-arm-none-eabi/20200630/lib/gcc/arm-none-eabi/9.3.1/include-fixed]
  collapse include dir [/usr/local/Cellar/gcc-arm-none-eabi/20200630/bin/../lib/gcc/arm-none-eabi/9.3.1/../../../../arm-none-eabi/include] ==> [/usr/local/Cellar/gcc-arm-none-eabi/20200630/arm-none-eabi/include]
  implicit include dirs: [/usr/local/Cellar/gcc-arm-none-eabi/20200630/lib/gcc/arm-none-eabi/9.3.1/include;/usr/local/Cellar/gcc-arm-none-eabi/20200630/lib/gcc/arm-none-eabi/9.3.1/include-fixed;/usr/local/Cellar/gcc-arm-none-eabi/20200630/arm-none-eabi/include]


Parsed C implicit link information from above output:
  link line regex: [^( *|.*[/\])(arm-none-eabi-ld|CMAKE_LINK_STARTFILE-NOTFOUND|([^/\]+-)?ld|collect2)[^/\]*( |$)]
  ignore line: [Change Dir: /Users/kanya/Projects/Senior-Design/cmake-build-debug/CMakeFiles/CMakeTmp]
  ignore line: []
  ignore line: [Run Build Command(s):/usr/bin/make cmTC_b905d/fast && /Applications/Xcode-beta.app/Contents/Developer/usr/bin/make  -f CMakeFiles/cmTC_b905d.dir/build.make CMakeFiles/cmTC_b905d.dir/build]
  ignore line: [Building C object CMakeFiles/cmTC_b905d.dir/CMakeCCompilerABI.c.obj]
  ignore line: [/usr/local/bin/arm-none-eabi-gcc   -v -o CMakeFiles/cmTC_b905d.dir/CMakeCCompilerABI.c.obj -c /Applications/CLion.app/Contents/bin/cmake/mac/share/cmake-3.19/Modules/CMakeCCompilerABI.c]
  ignore line: [Using built-in specs.]
  ignore line: [COLLECT_GCC=/usr/local/bin/arm-none-eabi-gcc]
  ignore line: [Target: arm-none-eabi]
  ignore line: [Configured with: /tmp/jenkins-GCC-9-pipeline-200_20200521_1590053285/src/gcc/configure --target=arm-none-eabi --prefix=/tmp/jenkins-GCC-9-pipeline-200_20200521_1590053285/install-native --libexecdir=/tmp/jenkins-GCC-9-pipeline-200_20200521_1590053285/install-native/lib --infodir=/tmp/jenkins-GCC-9-pipeline-200_20200521_1590053285/install-native/share/doc/gcc-arm-none-eabi/info --mandir=/tmp/jenkins-GCC-9-pipeline-200_20200521_1590053285/install-native/share/doc/gcc-arm-none-eabi/man --htmldir=/tmp/jenkins-GCC-9-pipeline-200_20200521_1590053285/install-native/share/doc/gcc-arm-none-eabi/html --pdfdir=/tmp/jenkins-GCC-9-pipeline-200_20200521_1590053285/install-native/share/doc/gcc-arm-none-eabi/pdf --enable-languages=c,c++ --enable-plugins --disable-decimal-float --disable-libffi --disable-libgomp --disable-libmudflap --disable-libquadmath --disable-libssp --disable-libstdcxx-pch --disable-nls --disable-shared --disable-threads --disable-tls --with-gnu-as --with-gnu-ld --with-newlib --with-headers=yes --with-python-dir=share/gcc-arm-none-eabi --with-sysroot=/tmp/jenkins-GCC-9-pipeline-200_20200521_1590053285/install-native/arm-none-eabi --build=x86_64-apple-darwin10 --host=x86_64-apple-darwin10 --with-gmp=/tmp/jenkins-GCC-9-pipeline-200_20200521_1590053285/build-native/host-libs/usr --with-mpfr=/tmp/jenkins-GCC-9-pipeline-200_20200521_1590053285/build-native/host-libs/usr --with-mpc=/tmp/jenkins-GCC-9-pipeline-200_20200521_1590053285/build-native/host-libs/usr --with-isl=/tmp/jenkins-GCC-9-pipeline-200_20200521_1590053285/build-native/host-libs/usr --with-libelf=/tmp/jenkins-GCC-9-pipeline-200_20200521_1590053285/build-native/host-libs/usr --with-host-libstdcxx='-static-libgcc -Wl,-lstdc++ -lm' --with-pkgversion='GNU Arm Embedded Toolchain 9-2020-q2-update' --with-multilib-list=rmprofile,aprofile]
  ignore line: [Thread model: single]
  ignore line: [gcc version 9.3.1 20200408 (release) (GNU Arm Embedded Toolchain 9-2020-q2-update) ]
  ignore line: [COLLECT_GCC_OPTIONS='-v' '-o' 'CMakeFiles/cmTC_b905d.dir/CMakeCCompilerABI.c.obj' '-c' '-mcpu=arm7tdmi' '-mfloat-abi=soft' '-marm' '-march=armv4t']
  ignore line: [ /usr/local/Cellar/gcc-arm-none-eabi/20200630/bin/../lib/gcc/arm-none-eabi/9.3.1/cc1 -quiet -v -iprefix /usr/local/Cellar/gcc-arm-none-eabi/20200630/bin/../lib/gcc/arm-none-eabi/9.3.1/ -isysroot /usr/local/Cellar/gcc-arm-none-eabi/20200630/bin/../arm-none-eabi -D__USES_INITFINI__ /Applications/CLion.app/Contents/bin/cmake/mac/share/cmake-3.19/Modules/CMakeCCompilerABI.c -quiet -dumpbase CMakeCCompilerABI.c -mcpu=arm7tdmi -mfloat-abi=soft -marm -march=armv4t -auxbase-strip CMakeFiles/cmTC_b905d.dir/CMakeCCompilerABI.c.obj -version -o /var/folders/28/d06b_qj145g47fkv98vkj82h0000gn/T//ccd7WUN9.s]
  ignore line: [GNU C17 (GNU Arm Embedded Toolchain 9-2020-q2-update) version 9.3.1 20200408 (release) (arm-none-eabi)]
  ignore line: [	compiled by GNU C version 4.2.1 Compatible Apple LLVM 11.0.0 (clang-1100.0.33.17)  GMP version 6.1.0  MPFR version 3.1.4  MPC version 1.0.3  isl version isl-0.18-GMP]
  ignore line: []
  ignore line: [GGC heuristics: --param ggc-min-expand=100 --param ggc-min-heapsize=131072]
  ignore line: [ignoring duplicate directory "/usr/local/Cellar/gcc-arm-none-eabi/20200630/bin/../lib/gcc/../../lib/gcc/arm-none-eabi/9.3.1/include"]
  ignore line: [ignoring nonexistent directory "/usr/local/Cellar/gcc-arm-none-eabi/20200630/bin/../arm-none-eabi/usr/local/include"]
  ignore line: [ignoring duplicate directory "/usr/local/Cellar/gcc-arm-none-eabi/20200630/bin/../lib/gcc/../../lib/gcc/arm-none-eabi/9.3.1/include-fixed"]
  ignore line: [ignoring duplicate directory "/usr/local/Cellar/gcc-arm-none-eabi/20200630/bin/../lib/gcc/../../lib/gcc/arm-none-eabi/9.3.1/../../../../arm-none-eabi/include"]
  ignore line: [ignoring nonexistent directory "/usr/local/Cellar/gcc-arm-none-eabi/20200630/bin/../arm-none-eabi/usr/include"]
  ignore line: [#include "..." search starts here:]
  ignore line: [#include <...> search starts here:]
  ignore line: [ /usr/local/Cellar/gcc-arm-none-eabi/20200630/bin/../lib/gcc/arm-none-eabi/9.3.1/include]
  ignore line: [ /usr/local/Cellar/gcc-arm-none-eabi/20200630/bin/../lib/gcc/arm-none-eabi/9.3.1/include-fixed]
  ignore line: [ /usr/local/Cellar/gcc-arm-none-eabi/20200630/bin/../lib/gcc/arm-none-eabi/9.3.1/../../../../arm-none-eabi/include]
  ignore line: [End of search list.]
  ignore line: [GNU C17 (GNU Arm Embedded Toolchain 9-2020-q2-update) version 9.3.1 20200408 (release) (arm-none-eabi)]
  ignore line: [	compiled by GNU C version 4.2.1 Compatible Apple LLVM 11.0.0 (clang-1100.0.33.17)  GMP version 6.1.0  MPFR version 3.1.4  MPC version 1.0.3  isl version isl-0.18-GMP]
  ignore line: []
  ignore line: [GGC heuristics: --param ggc-min-expand=100 --param ggc-min-heapsize=131072]
  ignore line: [Compiler executable checksum: c98fc9d12ad05b5a76e372c8d9e5deb7]
  ignore line: [COLLECT_GCC_OPTIONS='-v' '-o' 'CMakeFiles/cmTC_b905d.dir/CMakeCCompilerABI.c.obj' '-c' '-mcpu=arm7tdmi' '-mfloat-abi=soft' '-marm' '-march=armv4t']
  ignore line: [ /usr/local/Cellar/gcc-arm-none-eabi/20200630/bin/../lib/gcc/arm-none-eabi/9.3.1/../../../../arm-none-eabi/bin/as -v -march=armv4t -mfloat-abi=soft -meabi=5 -o CMakeFiles/cmTC_b905d.dir/CMakeCCompilerABI.c.obj /var/folders/28/d06b_qj145g47fkv98vkj82h0000gn/T//ccd7WUN9.s]
  ignore line: [GNU assembler version 2.34.0 (arm-none-eabi) using BFD version (GNU Arm Embedded Toolchain 9-2020-q2-update) 2.34.0.20200428]
  ignore line: [COMPILER_PATH=/usr/local/Cellar/gcc-arm-none-eabi/20200630/bin/../lib/gcc/arm-none-eabi/9.3.1/:/usr/local/Cellar/gcc-arm-none-eabi/20200630/bin/../lib/gcc/:/usr/local/Cellar/gcc-arm-none-eabi/20200630/bin/../lib/gcc/arm-none-eabi/9.3.1/../../../../arm-none-eabi/bin/]
  ignore line: [LIBRARY_PATH=/usr/local/Cellar/gcc-arm-none-eabi/20200630/bin/../lib/gcc/arm-none-eabi/9.3.1/:/usr/local/Cellar/gcc-arm-none-eabi/20200630/bin/../lib/gcc/:/usr/local/Cellar/gcc-arm-none-eabi/20200630/bin/../lib/gcc/arm-none-eabi/9.3.1/../../../../arm-none-eabi/lib/:/usr/local/Cellar/gcc-arm-none-eabi/20200630/bin/../arm-none-eabi/lib/]
  ignore line: [COLLECT_GCC_OPTIONS='-v' '-o' 'CMakeFiles/cmTC_b905d.dir/CMakeCCompilerABI.c.obj' '-c' '-mcpu=arm7tdmi' '-mfloat-abi=soft' '-marm' '-march=armv4t']
  ignore line: [Linking C executable cmTC_b905d]
  ignore line: [/Applications/CLion.app/Contents/bin/cmake/mac/bin/cmake -E cmake_link_script CMakeFiles/cmTC_b905d.dir/link.txt --verbose=1]
  ignore line: [/usr/local/bin/arm-none-eabi-gcc --specs=nosys.specs -v CMakeFiles/cmTC_b905d.dir/CMakeCCompilerABI.c.obj -o cmTC_b905d ]
  ignore line: [Using built-in specs.]
  ignore line: [Reading specs from /usr/local/Cellar/gcc-arm-none-eabi/20200630/bin/../lib/gcc/arm-none-eabi/9.3.1/../../../../arm-none-eabi/lib/nosys.specs]
  ignore line: [rename spec link_gcc_c_sequence to nosys_link_gcc_c_sequence]
  ignore line: [COLLECT_GCC=/usr/local/bin/arm-none-eabi-gcc]
  ignore line: [COLLECT_LTO_WRAPPER=/usr/local/Cellar/gcc-arm-none-eabi/20200630/bin/../lib/gcc/arm-none-eabi/9.3.1/lto-wrapper]
  ignore line: [Target: arm-none-eabi]
  ignore line: [Configured with: /tmp/jenkins-GCC-9-pipeline-200_20200521_1590053285/src/gcc/configure --target=arm-none-eabi --prefix=/tmp/jenkins-GCC-9-pipeline-200_20200521_1590053285/install-native --libexecdir=/tmp/jenkins-GCC-9-pipeline-200_20200521_1590053285/install-native/lib --infodir=/tmp/jenkins-GCC-9-pipeline-200_20200521_1590053285/install-native/share/doc/gcc-arm-none-eabi/info --mandir=/tmp/jenkins-GCC-9-pipeline-200_20200521_1590053285/install-native/share/doc/gcc-arm-none-eabi/man --htmldir=/tmp/jenkins-GCC-9-pipeline-200_20200521_1590053285/install-native/share/doc/gcc-arm-none-eabi/html --pdfdir=/tmp/jenkins-GCC-9-pipeline-200_20200521_1590053285/install-native/share/doc/gcc-arm-none-eabi/pdf --enable-languages=c,c++ --enable-plugins --disable-decimal-float --disable-libffi --disable-libgomp --disable-libmudflap --disable-libquadmath --disable-libssp --disable-libstdcxx-pch --disable-nls --disable-shared --disable-threads --disable-tls --with-gnu-as --with-gnu-ld --with-newlib --with-headers=yes --with-python-dir=share/gcc-arm-none-eabi --with-sysroot=/tmp/jenkins-GCC-9-pipeline-200_20200521_1590053285/install-native/arm-none-eabi --build=x86_64-apple-darwin10 --host=x86_64-apple-darwin10 --with-gmp=/tmp/jenkins-GCC-9-pipeline-200_20200521_1590053285/build-native/host-libs/usr --with-mpfr=/tmp/jenkins-GCC-9-pipeline-200_20200521_1590053285/build-native/host-libs/usr --with-mpc=/tmp/jenkins-GCC-9-pipeline-200_20200521_1590053285/build-native/host-libs/usr --with-isl=/tmp/jenkins-GCC-9-pipeline-200_20200521_1590053285/build-native/host-libs/usr --with-libelf=/tmp/jenkins-GCC-9-pipeline-200_20200521_1590053285/build-native/host-libs/usr --with-host-libstdcxx='-static-libgcc -Wl,-lstdc++ -lm' --with-pkgversion='GNU Arm Embedded Toolchain 9-2020-q2-update' --with-multilib-list=rmprofile,aprofile]
  ignore line: [Thread model: single]
  ignore line: [gcc version 9.3.1 20200408 (release) (GNU Arm Embedded Toolchain 9-2020-q2-update) ]
  ignore line: [COMPILER_PATH=/usr/local/Cellar/gcc-arm-none-eabi/20200630/bin/../lib/gcc/arm-none-eabi/9.3.1/:/usr/local/Cellar/gcc-arm-none-eabi/20200630/bin/../lib/gcc/:/usr/local/Cellar/gcc-arm-none-eabi/20200630/bin/../lib/gcc/arm-none-eabi/9.3.1/../../../../arm-none-eabi/bin/]
  ignore line: [LIBRARY_PATH=/usr/local/Cellar/gcc-arm-none-eabi/20200630/bin/../lib/gcc/arm-none-eabi/9.3.1/:/usr/local/Cellar/gcc-arm-none-eabi/20200630/bin/../lib/gcc/:/usr/local/Cellar/gcc-arm-none-eabi/20200630/bin/../lib/gcc/arm-none-eabi/9.3.1/../../../../arm-none-eabi/lib/:/usr/local/Cellar/gcc-arm-none-eabi/20200630/bin/../arm-none-eabi/lib/]
  ignore line: [COLLECT_GCC_OPTIONS='-specs=nosys.specs' '-v' '-o' 'cmTC_b905d' '-mcpu=arm7tdmi' '-mfloat-abi=soft' '-marm' '-march=armv4t']
  link line: [ /usr/local/Cellar/gcc-arm-none-eabi/20200630/bin/../lib/gcc/arm-none-eabi/9.3.1/collect2 -plugin /usr/local/Cellar/gcc-arm-none-eabi/20200630/bin/../lib/gcc/arm-none-eabi/9.3.1/liblto_plugin.so -plugin-opt=/usr/local/Cellar/gcc-arm-none-eabi/20200630/bin/../lib/gcc/arm-none-eabi/9.3.1/lto-wrapper -plugin-opt=-fresolution=/var/folders/28/d06b_qj145g47fkv98vkj82h0000gn/T//ccIVosxg.res -plugin-opt=-pass-through=-lgcc -plugin-opt=-pass-through=-lc -plugin-opt=-pass-through=-lgcc -plugin-opt=-pass-through=-lc -plugin-opt=-pass-through=-lnosys --sysroot=/usr/local/Cellar/gcc-arm-none-eabi/20200630/bin/../arm-none-eabi -X -o cmTC_b905d /usr/local/Cellar/gcc-arm-none-eabi/20200630/bin/../lib/gcc/arm-none-eabi/9.3.1/crti.o /usr/local/Cellar/gcc-arm-none-eabi/20200630/bin/../lib/gcc/arm-none-eabi/9.3.1/crtbegin.o /usr/local/Cellar/gcc-arm-none-eabi/20200630/bin/../lib/gcc/arm-none-eabi/9.3.1/../../../../arm-none-eabi/lib/crt0.o -L/usr/local/Cellar/gcc-arm-none-eabi/20200630/bin/../lib/gcc/arm-none-eabi/9.3.1 -L/usr/local/Cellar/gcc-arm-none-eabi/20200630/bin/../lib/gcc -L/usr/local/Cellar/gcc-arm-none-eabi/20200630/bin/../lib/gcc/arm-none-eabi/9.3.1/../../../../arm-none-eabi/lib -L/usr/local/Cellar/gcc-arm-none-eabi/20200630/bin/../arm-none-eabi/lib CMakeFiles/cmTC_b905d.dir/CMakeCCompilerABI.c.obj --start-group -lgcc -lc --end-group --start-group -lgcc -lc -lnosys --end-group /usr/local/Cellar/gcc-arm-none-eabi/20200630/bin/../lib/gcc/arm-none-eabi/9.3.1/crtend.o /usr/local/Cellar/gcc-arm-none-eabi/20200630/bin/../lib/gcc/arm-none-eabi/9.3.1/crtn.o]
    arg [/usr/local/Cellar/gcc-arm-none-eabi/20200630/bin/../lib/gcc/arm-none-eabi/9.3.1/collect2] ==> ignore
    arg [-plugin] ==> ignore
    arg [/usr/local/Cellar/gcc-arm-none-eabi/20200630/bin/../lib/gcc/arm-none-eabi/9.3.1/liblto_plugin.so] ==> ignore
    arg [-plugin-opt=/usr/local/Cellar/gcc-arm-none-eabi/20200630/bin/../lib/gcc/arm-none-eabi/9.3.1/lto-wrapper] ==> ignore
    arg [-plugin-opt=-fresolution=/var/folders/28/d06b_qj145g47fkv98vkj82h0000gn/T//ccIVosxg.res] ==> ignore
    arg [-plugin-opt=-pass-through=-lgcc] ==> ignore
    arg [-plugin-opt=-pass-through=-lc] ==> ignore
    arg [-plugin-opt=-pass-through=-lgcc] ==> ignore
    arg [-plugin-opt=-pass-through=-lc] ==> ignore
    arg [-plugin-opt=-pass-through=-lnosys] ==> ignore
    arg [--sysroot=/usr/local/Cellar/gcc-arm-none-eabi/20200630/bin/../arm-none-eabi] ==> ignore
    arg [-X] ==> ignore
    arg [-o] ==> ignore
    arg [cmTC_b905d] ==> ignore
    arg [/usr/local/Cellar/gcc-arm-none-eabi/20200630/bin/../lib/gcc/arm-none-eabi/9.3.1/crti.o] ==> ignore
    arg [/usr/local/Cellar/gcc-arm-none-eabi/20200630/bin/../lib/gcc/arm-none-eabi/9.3.1/crtbegin.o] ==> ignore
    arg [/usr/local/Cellar/gcc-arm-none-eabi/20200630/bin/../lib/gcc/arm-none-eabi/9.3.1/../../../../arm-none-eabi/lib/crt0.o] ==> ignore
    arg [-L/usr/local/Cellar/gcc-arm-none-eabi/20200630/bin/../lib/gcc/arm-none-eabi/9.3.1] ==> dir [/usr/local/Cellar/gcc-arm-none-eabi/20200630/bin/../lib/gcc/arm-none-eabi/9.3.1]
    arg [-L/usr/local/Cellar/gcc-arm-none-eabi/20200630/bin/../lib/gcc] ==> dir [/usr/local/Cellar/gcc-arm-none-eabi/20200630/bin/../lib/gcc]
    arg [-L/usr/local/Cellar/gcc-arm-none-eabi/20200630/bin/../lib/gcc/arm-none-eabi/9.3.1/../../../../arm-none-eabi/lib] ==> dir [/usr/local/Cellar/gcc-arm-none-eabi/20200630/bin/../lib/gcc/arm-none-eabi/9.3.1/../../../../arm-none-eabi/lib]
    arg [-L/usr/local/Cellar/gcc-arm-none-eabi/20200630/bin/../arm-none-eabi/lib] ==> dir [/usr/local/Cellar/gcc-arm-none-eabi/20200630/bin/../arm-none-eabi/lib]
    arg [CMakeFiles/cmTC_b905d.dir/CMakeCCompilerABI.c.obj] ==> ignore
    arg [--start-group] ==> ignore
    arg [-lgcc] ==> lib [gcc]
    arg [-lc] ==> lib [c]
    arg [--end-group] ==> ignore
    arg [--start-group] ==> ignore
    arg [-lgcc] ==> lib [gcc]
    arg [-lc] ==> lib [c]
    arg [-lnosys] ==> lib [nosys]
    arg [--end-group] ==> ignore
    arg [/usr/local/Cellar/gcc-arm-none-eabi/20200630/bin/../lib/gcc/arm-none-eabi/9.3.1/crtend.o] ==> ignore
    arg [/usr/local/Cellar/gcc-arm-none-eabi/20200630/bin/../lib/gcc/arm-none-eabi/9.3.1/crtn.o] ==> ignore
  collapse library dir [/usr/local/Cellar/gcc-arm-none-eabi/20200630/bin/../lib/gcc/arm-none-eabi/9.3.1] ==> [/usr/local/Cellar/gcc-arm-none-eabi/20200630/lib/gcc/arm-none-eabi/9.3.1]
  collapse library dir [/usr/local/Cellar/gcc-arm-none-eabi/20200630/bin/../lib/gcc] ==> [/usr/local/Cellar/gcc-arm-none-eabi/20200630/lib/gcc]
  collapse library dir [/usr/local/Cellar/gcc-arm-none-eabi/20200630/bin/../lib/gcc/arm-none-eabi/9.3.1/../../../../arm-none-eabi/lib] ==> [/usr/local/Cellar/gcc-arm-none-eabi/20200630/arm-none-eabi/lib]
  collapse library dir [/usr/local/Cellar/gcc-arm-none-eabi/20200630/bin/../arm-none-eabi/lib] ==> [/usr/local/Cellar/gcc-arm-none-eabi/20200630/arm-none-eabi/lib]
  implicit libs: [gcc;c;gcc;c;nosys]
  implicit dirs: [/usr/local/Cellar/gcc-arm-none-eabi/20200630/lib/gcc/arm-none-eabi/9.3.1;/usr/local/Cellar/gcc-arm-none-eabi/20200630/lib/gcc;/usr/local/Cellar/gcc-arm-none-eabi/20200630/arm-none-eabi/lib]
  implicit fwks: []


Detecting CXX compiler ABI info compiled with the following output:
Change Dir: /Users/kanya/Projects/Senior-Design/cmake-build-debug/CMakeFiles/CMakeTmp

Run Build Command(s):/usr/bin/make cmTC_a7329/fast && /Applications/Xcode-beta.app/Contents/Developer/usr/bin/make  -f CMakeFiles/cmTC_a7329.dir/build.make CMakeFiles/cmTC_a7329.dir/build
Building CXX object CMakeFiles/cmTC_a7329.dir/CMakeCXXCompilerABI.cpp.obj
/usr/local/bin/arm-none-eabi-g++   -v -std=gnu++11 -o CMakeFiles/cmTC_a7329.dir/CMakeCXXCompilerABI.cpp.obj -c /Applications/CLion.app/Contents/bin/cmake/mac/share/cmake-3.19/Modules/CMakeCXXCompilerABI.cpp
Using built-in specs.
COLLECT_GCC=/usr/local/bin/arm-none-eabi-g++
Target: arm-none-eabi
Configured with: /tmp/jenkins-GCC-9-pipeline-200_20200521_1590053285/src/gcc/configure --target=arm-none-eabi --prefix=/tmp/jenkins-GCC-9-pipeline-200_20200521_1590053285/install-native --libexecdir=/tmp/jenkins-GCC-9-pipeline-200_20200521_1590053285/install-native/lib --infodir=/tmp/jenkins-GCC-9-pipeline-200_20200521_1590053285/install-native/share/doc/gcc-arm-none-eabi/info --mandir=/tmp/jenkins-GCC-9-pipeline-200_20200521_1590053285/install-native/share/doc/gcc-arm-none-eabi/man --htmldir=/tmp/jenkins-GCC-9-pipeline-200_20200521_1590053285/install-native/share/doc/gcc-arm-none-eabi/html --pdfdir=/tmp/jenkins-GCC-9-pipeline-200_20200521_1590053285/install-native/share/doc/gcc-arm-none-eabi/pdf --enable-languages=c,c++ --enable-plugins --disable-decimal-float --disable-libffi --disable-libgomp --disable-libmudflap --disable-libquadmath --disable-libssp --disable-libstdcxx-pch --disable-nls --disable-shared --disable-threads --disable-tls --with-gnu-as --with-gnu-ld --with-newlib --with-headers=yes --with-python-dir=share/gcc-arm-none-eabi --with-sysroot=/tmp/jenkins-GCC-9-pipeline-200_20200521_1590053285/install-native/arm-none-eabi --build=x86_64-apple-darwin10 --host=x86_64-apple-darwin10 --with-gmp=/tmp/jenkins-GCC-9-pipeline-200_20200521_1590053285/build-native/host-libs/usr --with-mpfr=/tmp/jenkins-GCC-9-pipeline-200_20200521_1590053285/build-native/host-libs/usr --with-mpc=/tmp/jenkins-GCC-9-pipeline-200_20200521_1590053285/build-native/host-libs/usr --with-isl=/tmp/jenkins-GCC-9-pipeline-200_20200521_1590053285/build-native/host-libs/usr --with-libelf=/tmp/jenkins-GCC-9-pipeline-200_20200521_1590053285/build-native/host-libs/usr --with-host-libstdcxx='-static-libgcc -Wl,-lstdc++ -lm' --with-pkgversion='GNU Arm Embedded Toolchain 9-2020-q2-update' --with-multilib-list=rmprofile,aprofile
Thread model: single
gcc version 9.3.1 20200408 (release) (GNU Arm Embedded Toolchain 9-2020-q2-update) 
COLLECT_GCC_OPTIONS='-v' '-std=gnu++11' '-o' 'CMakeFiles/cmTC_a7329.dir/CMakeCXXCompilerABI.cpp.obj' '-c' '-mcpu=arm7tdmi' '-mfloat-abi=soft' '-marm' '-march=armv4t'
 /usr/local/Cellar/gcc-arm-none-eabi/20200630/bin/../lib/gcc/arm-none-eabi/9.3.1/cc1plus -quiet -v -iprefix /usr/local/Cellar/gcc-arm-none-eabi/20200630/bin/../lib/gcc/arm-none-eabi/9.3.1/ -isysroot /usr/local/Cellar/gcc-arm-none-eabi/20200630/bin/../arm-none-eabi -D__USES_INITFINI__ /Applications/CLion.app/Contents/bin/cmake/mac/share/cmake-3.19/Modules/CMakeCXXCompilerABI.cpp -quiet -dumpbase CMakeCXXCompilerABI.cpp -mcpu=arm7tdmi -mfloat-abi=soft -marm -march=armv4t -auxbase-strip CMakeFiles/cmTC_a7329.dir/CMakeCXXCompilerABI.cpp.obj -std=gnu++11 -version -o /var/folders/28/d06b_qj145g47fkv98vkj82h0000gn/T//ccGtxLFk.s
GNU C++11 (GNU Arm Embedded Toolchain 9-2020-q2-update) version 9.3.1 20200408 (release) (arm-none-eabi)
	compiled by GNU C version 4.2.1 Compatible Apple LLVM 11.0.0 (clang-1100.0.33.17), GMP version 6.1.0, MPFR version 3.1.4, MPC version 1.0.3, isl version isl-0.18-GMP

GGC heuristics: --param ggc-min-expand=100 --param ggc-min-heapsize=131072
ignoring duplicate directory "/usr/local/Cellar/gcc-arm-none-eabi/20200630/bin/../lib/gcc/../../lib/gcc/arm-none-eabi/9.3.1/../../../../arm-none-eabi/include/c++/9.3.1"
ignoring duplicate directory "/usr/local/Cellar/gcc-arm-none-eabi/20200630/bin/../lib/gcc/../../lib/gcc/arm-none-eabi/9.3.1/../../../../arm-none-eabi/include/c++/9.3.1/arm-none-eabi"
ignoring duplicate directory "/usr/local/Cellar/gcc-arm-none-eabi/20200630/bin/../lib/gcc/../../lib/gcc/arm-none-eabi/9.3.1/../../../../arm-none-eabi/include/c++/9.3.1/backward"
ignoring duplicate directory "/usr/local/Cellar/gcc-arm-none-eabi/20200630/bin/../lib/gcc/../../lib/gcc/arm-none-eabi/9.3.1/include"
ignoring nonexistent directory "/usr/local/Cellar/gcc-arm-none-eabi/20200630/bin/../arm-none-eabi/usr/local/include"
ignoring duplicate directory "/usr/local/Cellar/gcc-arm-none-eabi/20200630/bin/../lib/gcc/../../lib/gcc/arm-none-eabi/9.3.1/include-fixed"
ignoring duplicate directory "/usr/local/Cellar/gcc-arm-none-eabi/20200630/bin/../lib/gcc/../../lib/gcc/arm-none-eabi/9.3.1/../../../../arm-none-eabi/include"
ignoring nonexistent directory "/usr/local/Cellar/gcc-arm-none-eabi/20200630/bin/../arm-none-eabi/usr/include"
#include "..." search starts here:
#include <...> search starts here:
 /usr/local/Cellar/gcc-arm-none-eabi/20200630/bin/../lib/gcc/arm-none-eabi/9.3.1/../../../../arm-none-eabi/include/c++/9.3.1
 /usr/local/Cellar/gcc-arm-none-eabi/20200630/bin/../lib/gcc/arm-none-eabi/9.3.1/../../../../arm-none-eabi/include/c++/9.3.1/arm-none-eabi
 /usr/local/Cellar/gcc-arm-none-eabi/20200630/bin/../lib/gcc/arm-none-eabi/9.3.1/../../../../arm-none-eabi/include/c++/9.3.1/backward
 /usr/local/Cellar/gcc-arm-none-eabi/20200630/bin/../lib/gcc/arm-none-eabi/9.3.1/include
 /usr/local/Cellar/gcc-arm-none-eabi/20200630/bin/../lib/gcc/arm-none-eabi/9.3.1/include-fixed
 /usr/local/Cellar/gcc-arm-none-eabi/20200630/bin/../lib/gcc/arm-none-eabi/9.3.1/../../../../arm-none-eabi/include
End of search list.
GNU C++11 (GNU Arm Embedded Toolchain 9-2020-q2-update) version 9.3.1 20200408 (release) (arm-none-eabi)
	compiled by GNU C version 4.2.1 Compatible Apple LLVM 11.0.0 (clang-1100.0.33.17), GMP version 6.1.0, MPFR version 3.1.4, MPC version 1.0.3, isl version isl-0.18-GMP

GGC heuristics: --param ggc-min-expand=100 --param ggc-min-heapsize=131072
Compiler executable checksum: 8782f4994dbf603a697a2dc7444b5e0e
COLLECT_GCC_OPTIONS='-v' '-std=gnu++11' '-o' 'CMakeFiles/cmTC_a7329.dir/CMakeCXXCompilerABI.cpp.obj' '-c' '-mcpu=arm7tdmi' '-mfloat-abi=soft' '-marm' '-march=armv4t'
 /usr/local/Cellar/gcc-arm-none-eabi/20200630/bin/../lib/gcc/arm-none-eabi/9.3.1/../../../../arm-none-eabi/bin/as -v -march=armv4t -mfloat-abi=soft -meabi=5 -o CMakeFiles/cmTC_a7329.dir/CMakeCXXCompilerABI.cpp.obj /var/folders/28/d06b_qj145g47fkv98vkj82h0000gn/T//ccGtxLFk.s
GNU assembler version 2.34.0 (arm-none-eabi) using BFD version (GNU Arm Embedded Toolchain 9-2020-q2-update) 2.34.0.20200428
COMPILER_PATH=/usr/local/Cellar/gcc-arm-none-eabi/20200630/bin/../lib/gcc/arm-none-eabi/9.3.1/:/usr/local/Cellar/gcc-arm-none-eabi/20200630/bin/../lib/gcc/:/usr/local/Cellar/gcc-arm-none-eabi/20200630/bin/../lib/gcc/arm-none-eabi/9.3.1/../../../../arm-none-eabi/bin/
LIBRARY_PATH=/usr/local/Cellar/gcc-arm-none-eabi/20200630/bin/../lib/gcc/arm-none-eabi/9.3.1/:/usr/local/Cellar/gcc-arm-none-eabi/20200630/bin/../lib/gcc/:/usr/local/Cellar/gcc-arm-none-eabi/20200630/bin/../lib/gcc/arm-none-eabi/9.3.1/../../../../arm-none-eabi/lib/:/usr/local/Cellar/gcc-arm-none-eabi/20200630/bin/../arm-none-eabi/lib/
COLLECT_GCC_OPTIONS='-v' '-std=gnu++11' '-o' 'CMakeFiles/cmTC_a7329.dir/CMakeCXXCompilerABI.cpp.obj' '-c' '-mcpu=arm7tdmi' '-mfloat-abi=soft' '-marm' '-march=armv4t'
Linking CXX executable cmTC_a7329
/Applications/CLion.app/Contents/bin/cmake/mac/bin/cmake -E cmake_link_script CMakeFiles/cmTC_a7329.dir/link.txt --verbose=1
/usr/local/bin/arm-none-eabi-g++ --specs=nosys.specs -v CMakeFiles/cmTC_a7329.dir/CMakeCXXCompilerABI.cpp.obj -o cmTC_a7329 
Using built-in specs.
Reading specs from /usr/local/Cellar/gcc-arm-none-eabi/20200630/bin/../lib/gcc/arm-none-eabi/9.3.1/../../../../arm-none-eabi/lib/nosys.specs
rename spec link_gcc_c_sequence to nosys_link_gcc_c_sequence
COLLECT_GCC=/usr/local/bin/arm-none-eabi-g++
COLLECT_LTO_WRAPPER=/usr/local/Cellar/gcc-arm-none-eabi/20200630/bin/../lib/gcc/arm-none-eabi/9.3.1/lto-wrapper
Target: arm-none-eabi
Configured with: /tmp/jenkins-GCC-9-pipeline-200_20200521_1590053285/src/gcc/configure --target=arm-none-eabi --prefix=/tmp/jenkins-GCC-9-pipeline-200_20200521_1590053285/install-native --libexecdir=/tmp/jenkins-GCC-9-pipeline-200_20200521_1590053285/install-native/lib --infodir=/tmp/jenkins-GCC-9-pipeline-200_20200521_1590053285/install-native/share/doc/gcc-arm-none-eabi/info --mandir=/tmp/jenkins-GCC-9-pipeline-200_20200521_1590053285/install-native/share/doc/gcc-arm-none-eabi/man --htmldir=/tmp/jenkins-GCC-9-pipeline-200_20200521_1590053285/install-native/share/doc/gcc-arm-none-eabi/html --pdfdir=/tmp/jenkins-GCC-9-pipeline-200_20200521_1590053285/install-native/share/doc/gcc-arm-none-eabi/pdf --enable-languages=c,c++ --enable-plugins --disable-decimal-float --disable-libffi --disable-libgomp --disable-libmudflap --disable-libquadmath --disable-libssp --disable-libstdcxx-pch --disable-nls --disable-shared --disable-threads --disable-tls --with-gnu-as --with-gnu-ld --with-newlib --with-headers=yes --with-python-dir=share/gcc-arm-none-eabi --with-sysroot=/tmp/jenkins-GCC-9-pipeline-200_20200521_1590053285/install-native/arm-none-eabi --build=x86_64-apple-darwin10 --host=x86_64-apple-darwin10 --with-gmp=/tmp/jenkins-GCC-9-pipeline-200_20200521_1590053285/build-native/host-libs/usr --with-mpfr=/tmp/jenkins-GCC-9-pipeline-200_20200521_1590053285/build-native/host-libs/usr --with-mpc=/tmp/jenkins-GCC-9-pipeline-200_20200521_1590053285/build-native/host-libs/usr --with-isl=/tmp/jenkins-GCC-9-pipeline-200_20200521_1590053285/build-native/host-libs/usr --with-libelf=/tmp/jenkins-GCC-9-pipeline-200_20200521_1590053285/build-native/host-libs/usr --with-host-libstdcxx='-static-libgcc -Wl,-lstdc++ -lm' --with-pkgversion='GNU Arm Embedded Toolchain 9-2020-q2-update' --with-multilib-list=rmprofile,aprofile
Thread model: single
gcc version 9.3.1 20200408 (release) (GNU Arm Embedded Toolchain 9-2020-q2-update) 
COMPILER_PATH=/usr/local/Cellar/gcc-arm-none-eabi/20200630/bin/../lib/gcc/arm-none-eabi/9.3.1/:/usr/local/Cellar/gcc-arm-none-eabi/20200630/bin/../lib/gcc/:/usr/local/Cellar/gcc-arm-none-eabi/20200630/bin/../lib/gcc/arm-none-eabi/9.3.1/../../../../arm-none-eabi/bin/
LIBRARY_PATH=/usr/local/Cellar/gcc-arm-none-eabi/20200630/bin/../lib/gcc/arm-none-eabi/9.3.1/:/usr/local/Cellar/gcc-arm-none-eabi/20200630/bin/../lib/gcc/:/usr/local/Cellar/gcc-arm-none-eabi/20200630/bin/../lib/gcc/arm-none-eabi/9.3.1/../../../../arm-none-eabi/lib/:/usr/local/Cellar/gcc-arm-none-eabi/20200630/bin/../arm-none-eabi/lib/
COLLECT_GCC_OPTIONS='-specs=nosys.specs' '-v' '-o' 'cmTC_a7329' '-mcpu=arm7tdmi' '-mfloat-abi=soft' '-marm' '-march=armv4t'
 /usr/local/Cellar/gcc-arm-none-eabi/20200630/bin/../lib/gcc/arm-none-eabi/9.3.1/collect2 -plugin /usr/local/Cellar/gcc-arm-none-eabi/20200630/bin/../lib/gcc/arm-none-eabi/9.3.1/liblto_plugin.so -plugin-opt=/usr/local/Cellar/gcc-arm-none-eabi/20200630/bin/../lib/gcc/arm-none-eabi/9.3.1/lto-wrapper -plugin-opt=-fresolution=/var/folders/28/d06b_qj145g47fkv98vkj82h0000gn/T//ccqGHJNB.res -plugin-opt=-pass-through=-lgcc -plugin-opt=-pass-through=-lc -plugin-opt=-pass-through=-lgcc -plugin-opt=-pass-through=-lc -plugin-opt=-pass-through=-lnosys --sysroot=/usr/local/Cellar/gcc-arm-none-eabi/20200630/bin/../arm-none-eabi -X -o cmTC_a7329 /usr/local/Cellar/gcc-arm-none-eabi/20200630/bin/../lib/gcc/arm-none-eabi/9.3.1/crti.o /usr/local/Cellar/gcc-arm-none-eabi/20200630/bin/../lib/gcc/arm-none-eabi/9.3.1/crtbegin.o /usr/local/Cellar/gcc-arm-none-eabi/20200630/bin/../lib/gcc/arm-none-eabi/9.3.1/../../../../arm-none-eabi/lib/crt0.o -L/usr/local/Cellar/gcc-arm-none-eabi/20200630/bin/../lib/gcc/arm-none-eabi/9.3.1 -L/usr/local/Cellar/gcc-arm-none-eabi/20200630/bin/../lib/gcc -L/usr/local/Cellar/gcc-arm-none-eabi/20200630/bin/../lib/gcc/arm-none-eabi/9.3.1/../../../../arm-none-eabi/lib -L/usr/local/Cellar/gcc-arm-none-eabi/20200630/bin/../arm-none-eabi/lib CMakeFiles/cmTC_a7329.dir/CMakeCXXCompilerABI.cpp.obj -lstdc++ -lm --start-group -lgcc -lc --end-group --start-group -lgcc -lc -lnosys --end-group /usr/local/Cellar/gcc-arm-none-eabi/20200630/bin/../lib/gcc/arm-none-eabi/9.3.1/crtend.o /usr/local/Cellar/gcc-arm-none-eabi/20200630/bin/../lib/gcc/arm-none-eabi/9.3.1/crtn.o
COLLECT_GCC_OPTIONS='-specs=nosys.specs' '-v' '-o' 'cmTC_a7329' '-mcpu=arm7tdmi' '-mfloat-abi=soft' '-marm' '-march=armv4t'



Parsed CXX implicit include dir info from above output: rv=done
  found start of include info
  found start of implicit include info
    add: [/usr/local/Cellar/gcc-arm-none-eabi/20200630/bin/../lib/gcc/arm-none-eabi/9.3.1/../../../../arm-none-eabi/include/c++/9.3.1]
    add: [/usr/local/Cellar/gcc-arm-none-eabi/20200630/bin/../lib/gcc/arm-none-eabi/9.3.1/../../../../arm-none-eabi/include/c++/9.3.1/arm-none-eabi]
    add: [/usr/local/Cellar/gcc-arm-none-eabi/20200630/bin/../lib/gcc/arm-none-eabi/9.3.1/../../../../arm-none-eabi/include/c++/9.3.1/backward]
    add: [/usr/local/Cellar/gcc-arm-none-eabi/20200630/bin/../lib/gcc/arm-none-eabi/9.3.1/include]
    add: [/usr/local/Cellar/gcc-arm-none-eabi/20200630/bin/../lib/gcc/arm-none-eabi/9.3.1/include-fixed]
    add: [/usr/local/Cellar/gcc-arm-none-eabi/20200630/bin/../lib/gcc/arm-none-eabi/9.3.1/../../../../arm-none-eabi/include]
  end of search list found
  collapse include dir [/usr/local/Cellar/gcc-arm-none-eabi/20200630/bin/../lib/gcc/arm-none-eabi/9.3.1/../../../../arm-none-eabi/include/c++/9.3.1] ==> [/usr/local/Cellar/gcc-arm-none-eabi/20200630/arm-none-eabi/include/c++/9.3.1]
  collapse include dir [/usr/local/Cellar/gcc-arm-none-eabi/20200630/bin/../lib/gcc/arm-none-eabi/9.3.1/../../../../arm-none-eabi/include/c++/9.3.1/arm-none-eabi] ==> [/usr/local/Cellar/gcc-arm-none-eabi/20200630/arm-none-eabi/include/c++/9.3.1/arm-none-eabi]
  collapse include dir [/usr/local/Cellar/gcc-arm-none-eabi/20200630/bin/../lib/gcc/arm-none-eabi/9.3.1/../../../../arm-none-eabi/include/c++/9.3.1/backward] ==> [/usr/local/Cellar/gcc-arm-none-eabi/20200630/arm-none-eabi/include/c++/9.3.1/backward]
  collapse include dir [/usr/local/Cellar/gcc-arm-none-eabi/20200630/bin/../lib/gcc/arm-none-eabi/9.3.1/include] ==> [/usr/local/Cellar/gcc-arm-none-eabi/20200630/lib/gcc/arm-none-eabi/9.3.1/include]
  collapse include dir [/usr/local/Cellar/gcc-arm-none-eabi/20200630/bin/../lib/gcc/arm-none-eabi/9.3.1/include-fixed] ==> [/usr/local/Cellar/gcc-arm-none-eabi/20200630/lib/gcc/arm-none-eabi/9.3.1/include-fixed]
  collapse include dir [/usr/local/Cellar/gcc-arm-none-eabi/20200630/bin/../lib/gcc/arm-none-eabi/9.3.1/../../../../arm-none-eabi/include] ==> [/usr/local/Cellar/gcc-arm-none-eabi/20200630/arm-none-eabi/include]
  implicit include dirs: [/usr/local/Cellar/gcc-arm-none-eabi/20200630/arm-none-eabi/include/c++/9.3.1;/usr/local/Cellar/gcc-arm-none-eabi/20200630/arm-none-eabi/include/c++/9.3.1/arm-none-eabi;/usr/local/Cellar/gcc-arm-none-eabi/20200630/arm-none-eabi/include/c++/9.3.1/backward;/usr/local/Cellar/gcc-arm-none-eabi/20200630/lib/gcc/arm-none-eabi/9.3.1/include;/usr/local/Cellar/gcc-arm-none-eabi/20200630/lib/gcc/arm-none-eabi/9.3.1/include-fixed;/usr/local/Cellar/gcc-arm-none-eabi/20200630/arm-none-eabi/include]


Parsed CXX implicit link information from above output:
  link line regex: [^( *|.*[/\])(arm-none-eabi-ld|CMAKE_LINK_STARTFILE-NOTFOUND|([^/\]+-)?ld|collect2)[^/\]*( |$)]
  ignore line: [Change Dir: /Users/kanya/Projects/Senior-Design/cmake-build-debug/CMakeFiles/CMakeTmp]
  ignore line: []
  ignore line: [Run Build Command(s):/usr/bin/make cmTC_a7329/fast && /Applications/Xcode-beta.app/Contents/Developer/usr/bin/make  -f CMakeFiles/cmTC_a7329.dir/build.make CMakeFiles/cmTC_a7329.dir/build]
  ignore line: [Building CXX object CMakeFiles/cmTC_a7329.dir/CMakeCXXCompilerABI.cpp.obj]
  ignore line: [/usr/local/bin/arm-none-eabi-g++   -v -std=gnu++11 -o CMakeFiles/cmTC_a7329.dir/CMakeCXXCompilerABI.cpp.obj -c /Applications/CLion.app/Contents/bin/cmake/mac/share/cmake-3.19/Modules/CMakeCXXCompilerABI.cpp]
  ignore line: [Using built-in specs.]
  ignore line: [COLLECT_GCC=/usr/local/bin/arm-none-eabi-g++]
  ignore line: [Target: arm-none-eabi]
  ignore line: [Configured with: /tmp/jenkins-GCC-9-pipeline-200_20200521_1590053285/src/gcc/configure --target=arm-none-eabi --prefix=/tmp/jenkins-GCC-9-pipeline-200_20200521_1590053285/install-native --libexecdir=/tmp/jenkins-GCC-9-pipeline-200_20200521_1590053285/install-native/lib --infodir=/tmp/jenkins-GCC-9-pipeline-200_20200521_1590053285/install-native/share/doc/gcc-arm-none-eabi/info --mandir=/tmp/jenkins-GCC-9-pipeline-200_20200521_1590053285/install-native/share/doc/gcc-arm-none-eabi/man --htmldir=/tmp/jenkins-GCC-9-pipeline-200_20200521_1590053285/install-native/share/doc/gcc-arm-none-eabi/html --pdfdir=/tmp/jenkins-GCC-9-pipeline-200_20200521_1590053285/install-native/share/doc/gcc-arm-none-eabi/pdf --enable-languages=c,c++ --enable-plugins --disable-decimal-float --disable-libffi --disable-libgomp --disable-libmudflap --disable-libquadmath --disable-libssp --disable-libstdcxx-pch --disable-nls --disable-shared --disable-threads --disable-tls --with-gnu-as --with-gnu-ld --with-newlib --with-headers=yes --with-python-dir=share/gcc-arm-none-eabi --with-sysroot=/tmp/jenkins-GCC-9-pipeline-200_20200521_1590053285/install-native/arm-none-eabi --build=x86_64-apple-darwin10 --host=x86_64-apple-darwin10 --with-gmp=/tmp/jenkins-GCC-9-pipeline-200_20200521_1590053285/build-native/host-libs/usr --with-mpfr=/tmp/jenkins-GCC-9-pipeline-200_20200521_1590053285/build-native/host-libs/usr --with-mpc=/tmp/jenkins-GCC-9-pipeline-200_20200521_1590053285/build-native/host-libs/usr --with-isl=/tmp/jenkins-GCC-9-pipeline-200_20200521_1590053285/build-native/host-libs/usr --with-libelf=/tmp/jenkins-GCC-9-pipeline-200_20200521_1590053285/build-native/host-libs/usr --with-host-libstdcxx='-static-libgcc -Wl,-lstdc++ -lm' --with-pkgversion='GNU Arm Embedded Toolchain 9-2020-q2-update' --with-multilib-list=rmprofile,aprofile]
  ignore line: [Thread model: single]
  ignore line: [gcc version 9.3.1 20200408 (release) (GNU Arm Embedded Toolchain 9-2020-q2-update) ]
  ignore line: [COLLECT_GCC_OPTIONS='-v' '-std=gnu++11' '-o' 'CMakeFiles/cmTC_a7329.dir/CMakeCXXCompilerABI.cpp.obj' '-c' '-mcpu=arm7tdmi' '-mfloat-abi=soft' '-marm' '-march=armv4t']
  ignore line: [ /usr/local/Cellar/gcc-arm-none-eabi/20200630/bin/../lib/gcc/arm-none-eabi/9.3.1/cc1plus -quiet -v -iprefix /usr/local/Cellar/gcc-arm-none-eabi/20200630/bin/../lib/gcc/arm-none-eabi/9.3.1/ -isysroot /usr/local/Cellar/gcc-arm-none-eabi/20200630/bin/../arm-none-eabi -D__USES_INITFINI__ /Applications/CLion.app/Contents/bin/cmake/mac/share/cmake-3.19/Modules/CMakeCXXCompilerABI.cpp -quiet -dumpbase CMakeCXXCompilerABI.cpp -mcpu=arm7tdmi -mfloat-abi=soft -marm -march=armv4t -auxbase-strip CMakeFiles/cmTC_a7329.dir/CMakeCXXCompilerABI.cpp.obj -std=gnu++11 -version -o /var/folders/28/d06b_qj145g47fkv98vkj82h0000gn/T//ccGtxLFk.s]
  ignore line: [GNU C++11 (GNU Arm Embedded Toolchain 9-2020-q2-update) version 9.3.1 20200408 (release) (arm-none-eabi)]
  ignore line: [	compiled by GNU C version 4.2.1 Compatible Apple LLVM 11.0.0 (clang-1100.0.33.17)  GMP version 6.1.0  MPFR version 3.1.4  MPC version 1.0.3  isl version isl-0.18-GMP]
  ignore line: []
  ignore line: [GGC heuristics: --param ggc-min-expand=100 --param ggc-min-heapsize=131072]
  ignore line: [ignoring duplicate directory "/usr/local/Cellar/gcc-arm-none-eabi/20200630/bin/../lib/gcc/../../lib/gcc/arm-none-eabi/9.3.1/../../../../arm-none-eabi/include/c++/9.3.1"]
  ignore line: [ignoring duplicate directory "/usr/local/Cellar/gcc-arm-none-eabi/20200630/bin/../lib/gcc/../../lib/gcc/arm-none-eabi/9.3.1/../../../../arm-none-eabi/include/c++/9.3.1/arm-none-eabi"]
  ignore line: [ignoring duplicate directory "/usr/local/Cellar/gcc-arm-none-eabi/20200630/bin/../lib/gcc/../../lib/gcc/arm-none-eabi/9.3.1/../../../../arm-none-eabi/include/c++/9.3.1/backward"]
  ignore line: [ignoring duplicate directory "/usr/local/Cellar/gcc-arm-none-eabi/20200630/bin/../lib/gcc/../../lib/gcc/arm-none-eabi/9.3.1/include"]
  ignore line: [ignoring nonexistent directory "/usr/local/Cellar/gcc-arm-none-eabi/20200630/bin/../arm-none-eabi/usr/local/include"]
  ignore line: [ignoring duplicate directory "/usr/local/Cellar/gcc-arm-none-eabi/20200630/bin/../lib/gcc/../../lib/gcc/arm-none-eabi/9.3.1/include-fixed"]
  ignore line: [ignoring duplicate directory "/usr/local/Cellar/gcc-arm-none-eabi/20200630/bin/../lib/gcc/../../lib/gcc/arm-none-eabi/9.3.1/../../../../arm-none-eabi/include"]
  ignore line: [ignoring nonexistent directory "/usr/local/Cellar/gcc-arm-none-eabi/20200630/bin/../arm-none-eabi/usr/include"]
  ignore line: [#include "..." search starts here:]
  ignore line: [#include <...> search starts here:]
  ignore line: [ /usr/local/Cellar/gcc-arm-none-eabi/20200630/bin/../lib/gcc/arm-none-eabi/9.3.1/../../../../arm-none-eabi/include/c++/9.3.1]
  ignore line: [ /usr/local/Cellar/gcc-arm-none-eabi/20200630/bin/../lib/gcc/arm-none-eabi/9.3.1/../../../../arm-none-eabi/include/c++/9.3.1/arm-none-eabi]
  ignore line: [ /usr/local/Cellar/gcc-arm-none-eabi/20200630/bin/../lib/gcc/arm-none-eabi/9.3.1/../../../../arm-none-eabi/include/c++/9.3.1/backward]
  ignore line: [ /usr/local/Cellar/gcc-arm-none-eabi/20200630/bin/../lib/gcc/arm-none-eabi/9.3.1/include]
  ignore line: [ /usr/local/Cellar/gcc-arm-none-eabi/20200630/bin/../lib/gcc/arm-none-eabi/9.3.1/include-fixed]
  ignore line: [ /usr/local/Cellar/gcc-arm-none-eabi/20200630/bin/../lib/gcc/arm-none-eabi/9.3.1/../../../../arm-none-eabi/include]
  ignore line: [End of search list.]
  ignore line: [GNU C++11 (GNU Arm Embedded Toolchain 9-2020-q2-update) version 9.3.1 20200408 (release) (arm-none-eabi)]
  ignore line: [	compiled by GNU C version 4.2.1 Compatible Apple LLVM 11.0.0 (clang-1100.0.33.17)  GMP version 6.1.0  MPFR version 3.1.4  MPC version 1.0.3  isl version isl-0.18-GMP]
  ignore line: []
  ignore line: [GGC heuristics: --param ggc-min-expand=100 --param ggc-min-heapsize=131072]
  ignore line: [Compiler executable checksum: 8782f4994dbf603a697a2dc7444b5e0e]
  ignore line: [COLLECT_GCC_OPTIONS='-v' '-std=gnu++11' '-o' 'CMakeFiles/cmTC_a7329.dir/CMakeCXXCompilerABI.cpp.obj' '-c' '-mcpu=arm7tdmi' '-mfloat-abi=soft' '-marm' '-march=armv4t']
  ignore line: [ /usr/local/Cellar/gcc-arm-none-eabi/20200630/bin/../lib/gcc/arm-none-eabi/9.3.1/../../../../arm-none-eabi/bin/as -v -march=armv4t -mfloat-abi=soft -meabi=5 -o CMakeFiles/cmTC_a7329.dir/CMakeCXXCompilerABI.cpp.obj /var/folders/28/d06b_qj145g47fkv98vkj82h0000gn/T//ccGtxLFk.s]
  ignore line: [GNU assembler version 2.34.0 (arm-none-eabi) using BFD version (GNU Arm Embedded Toolchain 9-2020-q2-update) 2.34.0.20200428]
  ignore line: [COMPILER_PATH=/usr/local/Cellar/gcc-arm-none-eabi/20200630/bin/../lib/gcc/arm-none-eabi/9.3.1/:/usr/local/Cellar/gcc-arm-none-eabi/20200630/bin/../lib/gcc/:/usr/local/Cellar/gcc-arm-none-eabi/20200630/bin/../lib/gcc/arm-none-eabi/9.3.1/../../../../arm-none-eabi/bin/]
  ignore line: [LIBRARY_PATH=/usr/local/Cellar/gcc-arm-none-eabi/20200630/bin/../lib/gcc/arm-none-eabi/9.3.1/:/usr/local/Cellar/gcc-arm-none-eabi/20200630/bin/../lib/gcc/:/usr/local/Cellar/gcc-arm-none-eabi/20200630/bin/../lib/gcc/arm-none-eabi/9.3.1/../../../../arm-none-eabi/lib/:/usr/local/Cellar/gcc-arm-none-eabi/20200630/bin/../arm-none-eabi/lib/]
  ignore line: [COLLECT_GCC_OPTIONS='-v' '-std=gnu++11' '-o' 'CMakeFiles/cmTC_a7329.dir/CMakeCXXCompilerABI.cpp.obj' '-c' '-mcpu=arm7tdmi' '-mfloat-abi=soft' '-marm' '-march=armv4t']
  ignore line: [Linking CXX executable cmTC_a7329]
  ignore line: [/Applications/CLion.app/Contents/bin/cmake/mac/bin/cmake -E cmake_link_script CMakeFiles/cmTC_a7329.dir/link.txt --verbose=1]
  ignore line: [/usr/local/bin/arm-none-eabi-g++ --specs=nosys.specs -v CMakeFiles/cmTC_a7329.dir/CMakeCXXCompilerABI.cpp.obj -o cmTC_a7329 ]
  ignore line: [Using built-in specs.]
  ignore line: [Reading specs from /usr/local/Cellar/gcc-arm-none-eabi/20200630/bin/../lib/gcc/arm-none-eabi/9.3.1/../../../../arm-none-eabi/lib/nosys.specs]
  ignore line: [rename spec link_gcc_c_sequence to nosys_link_gcc_c_sequence]
  ignore line: [COLLECT_GCC=/usr/local/bin/arm-none-eabi-g++]
  ignore line: [COLLECT_LTO_WRAPPER=/usr/local/Cellar/gcc-arm-none-eabi/20200630/bin/../lib/gcc/arm-none-eabi/9.3.1/lto-wrapper]
  ignore line: [Target: arm-none-eabi]
  ignore line: [Configured with: /tmp/jenkins-GCC-9-pipeline-200_20200521_1590053285/src/gcc/configure --target=arm-none-eabi --prefix=/tmp/jenkins-GCC-9-pipeline-200_20200521_1590053285/install-native --libexecdir=/tmp/jenkins-GCC-9-pipeline-200_20200521_1590053285/install-native/lib --infodir=/tmp/jenkins-GCC-9-pipeline-200_20200521_1590053285/install-native/share/doc/gcc-arm-none-eabi/info --mandir=/tmp/jenkins-GCC-9-pipeline-200_20200521_1590053285/install-native/share/doc/gcc-arm-none-eabi/man --htmldir=/tmp/jenkins-GCC-9-pipeline-200_20200521_1590053285/install-native/share/doc/gcc-arm-none-eabi/html --pdfdir=/tmp/jenkins-GCC-9-pipeline-200_20200521_1590053285/install-native/share/doc/gcc-arm-none-eabi/pdf --enable-languages=c,c++ --enable-plugins --disable-decimal-float --disable-libffi --disable-libgomp --disable-libmudflap --disable-libquadmath --disable-libssp --disable-libstdcxx-pch --disable-nls --disable-shared --disable-threads --disable-tls --with-gnu-as --with-gnu-ld --with-newlib --with-headers=yes --with-python-dir=share/gcc-arm-none-eabi --with-sysroot=/tmp/jenkins-GCC-9-pipeline-200_20200521_1590053285/install-native/arm-none-eabi --build=x86_64-apple-darwin10 --host=x86_64-apple-darwin10 --with-gmp=/tmp/jenkins-GCC-9-pipeline-200_20200521_1590053285/build-native/host-libs/usr --with-mpfr=/tmp/jenkins-GCC-9-pipeline-200_20200521_1590053285/build-native/host-libs/usr --with-mpc=/tmp/jenkins-GCC-9-pipeline-200_20200521_1590053285/build-native/host-libs/usr --with-isl=/tmp/jenkins-GCC-9-pipeline-200_20200521_1590053285/build-native/host-libs/usr --with-libelf=/tmp/jenkins-GCC-9-pipeline-200_20200521_1590053285/build-native/host-libs/usr --with-host-libstdcxx='-static-libgcc -Wl,-lstdc++ -lm' --with-pkgversion='GNU Arm Embedded Toolchain 9-2020-q2-update' --with-multilib-list=rmprofile,aprofile]
  ignore line: [Thread model: single]
  ignore line: [gcc version 9.3.1 20200408 (release) (GNU Arm Embedded Toolchain 9-2020-q2-update) ]
  ignore line: [COMPILER_PATH=/usr/local/Cellar/gcc-arm-none-eabi/20200630/bin/../lib/gcc/arm-none-eabi/9.3.1/:/usr/local/Cellar/gcc-arm-none-eabi/20200630/bin/../lib/gcc/:/usr/local/Cellar/gcc-arm-none-eabi/20200630/bin/../lib/gcc/arm-none-eabi/9.3.1/../../../../arm-none-eabi/bin/]
  ignore line: [LIBRARY_PATH=/usr/local/Cellar/gcc-arm-none-eabi/20200630/bin/../lib/gcc/arm-none-eabi/9.3.1/:/usr/local/Cellar/gcc-arm-none-eabi/20200630/bin/../lib/gcc/:/usr/local/Cellar/gcc-arm-none-eabi/20200630/bin/../lib/gcc/arm-none-eabi/9.3.1/../../../../arm-none-eabi/lib/:/usr/local/Cellar/gcc-arm-none-eabi/20200630/bin/../arm-none-eabi/lib/]
  ignore line: [COLLECT_GCC_OPTIONS='-specs=nosys.specs' '-v' '-o' 'cmTC_a7329' '-mcpu=arm7tdmi' '-mfloat-abi=soft' '-marm' '-march=armv4t']
  link line: [ /usr/local/Cellar/gcc-arm-none-eabi/20200630/bin/../lib/gcc/arm-none-eabi/9.3.1/collect2 -plugin /usr/local/Cellar/gcc-arm-none-eabi/20200630/bin/../lib/gcc/arm-none-eabi/9.3.1/liblto_plugin.so -plugin-opt=/usr/local/Cellar/gcc-arm-none-eabi/20200630/bin/../lib/gcc/arm-none-eabi/9.3.1/lto-wrapper -plugin-opt=-fresolution=/var/folders/28/d06b_qj145g47fkv98vkj82h0000gn/T//ccqGHJNB.res -plugin-opt=-pass-through=-lgcc -plugin-opt=-pass-through=-lc -plugin-opt=-pass-through=-lgcc -plugin-opt=-pass-through=-lc -plugin-opt=-pass-through=-lnosys --sysroot=/usr/local/Cellar/gcc-arm-none-eabi/20200630/bin/../arm-none-eabi -X -o cmTC_a7329 /usr/local/Cellar/gcc-arm-none-eabi/20200630/bin/../lib/gcc/arm-none-eabi/9.3.1/crti.o /usr/local/Cellar/gcc-arm-none-eabi/20200630/bin/../lib/gcc/arm-none-eabi/9.3.1/crtbegin.o /usr/local/Cellar/gcc-arm-none-eabi/20200630/bin/../lib/gcc/arm-none-eabi/9.3.1/../../../../arm-none-eabi/lib/crt0.o -L/usr/local/Cellar/gcc-arm-none-eabi/20200630/bin/../lib/gcc/arm-none-eabi/9.3.1 -L/usr/local/Cellar/gcc-arm-none-eabi/20200630/bin/../lib/gcc -L/usr/local/Cellar/gcc-arm-none-eabi/20200630/bin/../lib/gcc/arm-none-eabi/9.3.1/../../../../arm-none-eabi/lib -L/usr/local/Cellar/gcc-arm-none-eabi/20200630/bin/../arm-none-eabi/lib CMakeFiles/cmTC_a7329.dir/CMakeCXXCompilerABI.cpp.obj -lstdc++ -lm --start-group -lgcc -lc --end-group --start-group -lgcc -lc -lnosys --end-group /usr/local/Cellar/gcc-arm-none-eabi/20200630/bin/../lib/gcc/arm-none-eabi/9.3.1/crtend.o /usr/local/Cellar/gcc-arm-none-eabi/20200630/bin/../lib/gcc/arm-none-eabi/9.3.1/crtn.o]
    arg [/usr/local/Cellar/gcc-arm-none-eabi/20200630/bin/../lib/gcc/arm-none-eabi/9.3.1/collect2] ==> ignore
    arg [-plugin] ==> ignore
    arg [/usr/local/Cellar/gcc-arm-none-eabi/20200630/bin/../lib/gcc/arm-none-eabi/9.3.1/liblto_plugin.so] ==> ignore
    arg [-plugin-opt=/usr/local/Cellar/gcc-arm-none-eabi/20200630/bin/../lib/gcc/arm-none-eabi/9.3.1/lto-wrapper] ==> ignore
    arg [-plugin-opt=-fresolution=/var/folders/28/d06b_qj145g47fkv98vkj82h0000gn/T//ccqGHJNB.res] ==> ignore
    arg [-plugin-opt=-pass-through=-lgcc] ==> ignore
    arg [-plugin-opt=-pass-through=-lc] ==> ignore
    arg [-plugin-opt=-pass-through=-lgcc] ==> ignore
    arg [-plugin-opt=-pass-through=-lc] ==> ignore
    arg [-plugin-opt=-pass-through=-lnosys] ==> ignore
    arg [--sysroot=/usr/local/Cellar/gcc-arm-none-eabi/20200630/bin/../arm-none-eabi] ==> ignore
    arg [-X] ==> ignore
    arg [-o] ==> ignore
    arg [cmTC_a7329] ==> ignore
    arg [/usr/local/Cellar/gcc-arm-none-eabi/20200630/bin/../lib/gcc/arm-none-eabi/9.3.1/crti.o] ==> ignore
    arg [/usr/local/Cellar/gcc-arm-none-eabi/20200630/bin/../lib/gcc/arm-none-eabi/9.3.1/crtbegin.o] ==> ignore
    arg [/usr/local/Cellar/gcc-arm-none-eabi/20200630/bin/../lib/gcc/arm-none-eabi/9.3.1/../../../../arm-none-eabi/lib/crt0.o] ==> ignore
    arg [-L/usr/local/Cellar/gcc-arm-none-eabi/20200630/bin/../lib/gcc/arm-none-eabi/9.3.1] ==> dir [/usr/local/Cellar/gcc-arm-none-eabi/20200630/bin/../lib/gcc/arm-none-eabi/9.3.1]
    arg [-L/usr/local/Cellar/gcc-arm-none-eabi/20200630/bin/../lib/gcc] ==> dir [/usr/local/Cellar/gcc-arm-none-eabi/20200630/bin/../lib/gcc]
    arg [-L/usr/local/Cellar/gcc-arm-none-eabi/20200630/bin/../lib/gcc/arm-none-eabi/9.3.1/../../../../arm-none-eabi/lib] ==> dir [/usr/local/Cellar/gcc-arm-none-eabi/20200630/bin/../lib/gcc/arm-none-eabi/9.3.1/../../../../arm-none-eabi/lib]
    arg [-L/usr/local/Cellar/gcc-arm-none-eabi/20200630/bin/../arm-none-eabi/lib] ==> dir [/usr/local/Cellar/gcc-arm-none-eabi/20200630/bin/../arm-none-eabi/lib]
    arg [CMakeFiles/cmTC_a7329.dir/CMakeCXXCompilerABI.cpp.obj] ==> ignore
    arg [-lstdc++] ==> lib [stdc++]
    arg [-lm] ==> lib [m]
    arg [--start-group] ==> ignore
    arg [-lgcc] ==> lib [gcc]
    arg [-lc] ==> lib [c]
    arg [--end-group] ==> ignore
    arg [--start-group] ==> ignore
    arg [-lgcc] ==> lib [gcc]
    arg [-lc] ==> lib [c]
    arg [-lnosys] ==> lib [nosys]
    arg [--end-group] ==> ignore
    arg [/usr/local/Cellar/gcc-arm-none-eabi/20200630/bin/../lib/gcc/arm-none-eabi/9.3.1/crtend.o] ==> ignore
    arg [/usr/local/Cellar/gcc-arm-none-eabi/20200630/bin/../lib/gcc/arm-none-eabi/9.3.1/crtn.o] ==> ignore
  collapse library dir [/usr/local/Cellar/gcc-arm-none-eabi/20200630/bin/../lib/gcc/arm-none-eabi/9.3.1] ==> [/usr/local/Cellar/gcc-arm-none-eabi/20200630/lib/gcc/arm-none-eabi/9.3.1]
  collapse library dir [/usr/local/Cellar/gcc-arm-none-eabi/20200630/bin/../lib/gcc] ==> [/usr/local/Cellar/gcc-arm-none-eabi/20200630/lib/gcc]
  collapse library dir [/usr/local/Cellar/gcc-arm-none-eabi/20200630/bin/../lib/gcc/arm-none-eabi/9.3.1/../../../../arm-none-eabi/lib] ==> [/usr/local/Cellar/gcc-arm-none-eabi/20200630/arm-none-eabi/lib]
  collapse library dir [/usr/local/Cellar/gcc-arm-none-eabi/20200630/bin/../arm-none-eabi/lib] ==> [/usr/local/Cellar/gcc-arm-none-eabi/20200630/arm-none-eabi/lib]
  implicit libs: [stdc++;m;gcc;c;gcc;c;nosys]
  implicit dirs: [/usr/local/Cellar/gcc-arm-none-eabi/20200630/lib/gcc/arm-none-eabi/9.3.1;/usr/local/Cellar/gcc-arm-none-eabi/20200630/lib/gcc;/usr/local/Cellar/gcc-arm-none-eabi/20200630/arm-none-eabi/lib]
  implicit fwks: []


